07/19/14-18:04:01 Create user account sureback007 done.
07/19/14-18:06:31 Create user account basil done.
07/19/14-18:06:42 Clear user account basil done.
07/19/14-18:06:52 Remove user account basil done.
07/21/14-15:02:35 Create user account basil done.
07/21/14-15:02:46 Clear user account basil done.
07/21/14-15:02:56 Remove user account basil done.
11/02/14-18:12:01 Create user account l_sbhlokNre422 done.
11/02/14-18:14:01 Create user account l_sbh4gkOhm297 done.
05/18/15-16:51:01 Create user account n_sbhrFSxDy482 done.
05/19/15-03:39:02 Clear user account n_sbhrFSxDy482 done.
06/07/15-19:28:01 Create user account manaka done.
06/07/15-19:29:01 Create user account debruin done.
06/25/15-15:20:01 Remove user account r_sbhPrdO5z311 done.
06/25/15-15:20:01 Remove user account r_sbhO-N22w310 done.
06/29/15-21:57:01 Remove user account win8test done.
06/29/15-21:58:01 Remove user account win64_test done.
06/29/15-21:59:01 Remove user account j_sbhmgFYDf465 done.
09/04/15-06:47:01 Remove user account r_sbhJwVQMu468 done.
10/31/15-04:31:01 Create user account j_sbhwz8cDj485 done.
10/31/15-05:33:01 Create user account j_sbh7ZEbsn486 done.
10/31/15-05:34:01 Create user account j_sbh23vYil487 done.
10/31/15-05:44:01 Create user account j_sbhmbnshf488 done.
10/31/15-05:46:01 Create user account j_sbhUtKvBy489 done.
10/31/15-05:54:01 Remove user account j_sbh23vYil487 done.
10/31/15-05:55:01 Remove user account j_sbh7ZEbsn486 done.
10/31/15-05:55:01 Remove user account j_sbhUtKvBy489 done.
10/31/15-08:23:01 Remove user account j_sbhmbnshf488 done.
10/31/15-08:23:01 Create user account j_sbhwOI92j490 done.
10/31/15-08:28:01 Create user account j_sbhdD_uEb491 done.
10/31/15-08:56:01 Create user account j_sbhDMW7Nr492 done.
10/31/15-09:58:01 Remove user account j_sbhwOI92j490 done.
10/31/15-09:58:01 Remove user account j_sbhdD_uEb491 done.
11/01/15-17:57:01 Create user account j_sbhNxtBbw493 done.
11/07/15-16:04:01 Create user account j_sbhz2JjOk494 done.
11/08/15-15:34:01 Remove user account j_sbhDMW7Nr492 done.
11/08/15-15:34:01 Remove user account j_sbhNxtBbw493 done.
11/08/15-15:34:01 Remove user account j_sbhz2JjOk494 done.
11/08/15-15:37:01 Create user account j_sbh-UmlSp495 done.
11/08/15-16:10:01 Remove user account j_sbh-UmlSp495 done.
11/08/15-16:10:01 Create user account j_sbhpK9oBj496 done.
11/08/15-17:24:01 Create user account j_sbhvH9LTj497 done.
11/08/15-17:35:01 Create user account j_sbhbJAL5d498 done.
11/08/15-18:25:01 Create user account j_sbh8Dfhoo499 done.
11/08/15-18:34:01 Create user account j_sbhDuy5Du500 done.
11/08/15-18:55:01 Create user account j_sbhcO1sKv501 done.
11/09/15-05:11:01 Create user account j_sbh0GXuTk502 done.
11/09/15-11:52:01 Create user account a_sbhXeGKya503 done.
11/14/15-21:10:01 Remove user account a_sbhXeGKya503 done.
11/14/15-21:11:01 Remove user account j_sbh0GXuTk502 done.
11/14/15-21:11:01 Remove user account j_sbhDuy5Du500 done.
11/14/15-21:12:01 Remove user account j_sbhpK9oBj496 done.
11/14/15-21:12:01 Remove user account j_sbhvH9LTj497 done.
11/14/15-21:12:01 Remove user account j_sbh8Dfhoo499 done.
11/14/15-21:12:01 Remove user account j_sbhcO1sKv501 done.
11/15/15-04:17:01 Create user account j_sbhlYRaAe504 done.
11/16/15-04:51:02 Clear user account j_sbhlYRaAe504 done.
11/16/15-16:55:01 Create user account a_sbhpmBc_g505 done.
11/18/15-20:27:01 Remove user account j_sbhlYRaAe504 done.
11/18/15-20:28:01 Create user account j_sbhZ5gt7h506 done.
11/27/15-17:14:01 Clear user account johnagara done.
12/01/15-06:47:01 Remove user account j_sbhbJAL5d498 done.
12/04/15-06:12:01 Remove user account j_sbhZ5gt7h506 done.
12/04/15-10:14:01 Remove user account basil done.
12/04/15-10:16:01 Remove user account basil done.
12/04/15-10:21:02 Remove user account basil done.
12/04/15-16:39:01 Create user account johntest done.
12/04/15-16:49:01 Remove user account johntest done.
12/04/15-18:53:01 Create user account agartest done.
12/04/15-18:54:01 Remove user account agartest failed - undeletable.
12/04/15-18:57:01 Remove user account agartest done.
12/04/15-18:58:01 Remove user account agartest done.
12/04/15-18:59:01 Create user account agartes2 done.
12/04/15-19:00:01 Remove user account agartes2 done.
12/05/15-12:52:01 Create user account j_sbhT9x9dy521 done.
12/21/15-18:16:01 Create user account j_sbhVL7uez522 done.
12/31/15-06:41:01 Create user account j_sbhj2bBAe523 done.
02/28/16-21:53:02 Remove user account manaka done.
02/28/16-21:53:02 Remove user account debruin done.
